<?xml version="1.0" encoding="UTF-8"?>
<!-- Generated by org.testng.reporters.JUnitReportReporter -->
<testsuite hostname="INW1PF0YD85B" failures="0" tests="1" name="com.trifacta.Tests.LoginTest" time="38.347" errors="0" timestamp="2021-07-31T00:25:55 IST" skipped="0">
  <testcase classname="com.trifacta.Tests.LoginTest" name="LoginTest" time="38.347"/>
  <system-out/>
</testsuite> <!-- com.trifacta.Tests.LoginTest -->
